<?xml version="1.0" encoding="UTF-8"?>
<!-- Generated by org.testng.reporters.JUnitReportReporter -->
<testsuite skipped="0" hostname="DESKTOP-970JHL7" name="com.auto.runner.Runner" tests="4" failures="0" timestamp="22 Nov 2022 17:14:16 GMT" time="36.337" errors="0">
  <testcase name="runScenario" time="6.718" classname="com.auto.runner.Runner"/>
  <testcase name="runScenario" time="18.334" classname="com.auto.runner.Runner"/>
  <testcase name="runScenario" time="5.591" classname="com.auto.runner.Runner"/>
  <testcase name="runScenario" time="5.694" classname="com.auto.runner.Runner"/>
</testsuite> <!-- com.auto.runner.Runner -->
